An exception was thrown during network server startup. Can't find bundle for base name org.apache.derby.loc.drda.messages, locale en
java.lang.reflect.InvocationTargetException
	at java.base/jdk.internal.reflect.DirectMethodHandleAccessor.invoke(DirectMethodHandleAccessor.java:119)
	at java.base/java.lang.reflect.Method.invoke(Method.java:577)
	at org.apache.derby.iapi.jdbc.DRDAServerStarter.run(Unknown Source)
	at java.base/java.lang.Thread.run(Thread.java:833)
Caused by: java.util.MissingResourceException: Can't find bundle for base name org.apache.derby.loc.drda.messages, locale en
	at java.base/java.util.ResourceBundle.throwMissingResourceException(ResourceBundle.java:2045)
	at java.base/java.util.ResourceBundle.getBundleImpl(ResourceBundle.java:1683)
	at java.base/java.util.ResourceBundle.getBundleImpl(ResourceBundle.java:1586)
	at java.base/java.util.ResourceBundle.getBundleImpl(ResourceBundle.java:1549)
	at java.base/java.util.ResourceBundle.getBundle(ResourceBundle.java:932)
	at org.apache.derby.iapi.tools.i18n.LocalizedResource.setResource(Unknown Source)
	at org.apache.derby.iapi.tools.i18n.LocalizedResource.getTextMessage(Unknown Source)
	at org.apache.derby.impl.drda.NetworkServerControlImpl.localizeMessage(Unknown Source)
	at org.apache.derby.impl.drda.NetworkServerControlImpl.consolePropertyMessageWork(Unknown Source)
	at org.apache.derby.impl.drda.NetworkServerControlImpl.consolePropertyMessage(Unknown Source)
	at org.apache.derby.impl.drda.NetworkServerControlImpl.blockingStart(Unknown Source)
	at java.base/jdk.internal.reflect.DirectMethodHandleAccessor.invoke(DirectMethodHandleAccessor.java:104)
	... 3 more
